2014-04-25 19:16:25 WARN  net.sf.ehcache.config.ConfigurationFactory     - No configuration found. Configuring ehcache from ehcache-failsafe.xml  found in the classpath: jar:file:/home/java02/Documentos/DaniCebin/aulas-java/lib/ehcache-core-2.4.3.jar!/ehcache-failsafe.xml
2014-04-25 19:16:31 WARN  org.hibernate.cache.ehcache.AbstractEhcacheRegionFactory     - HHH020003: Could not find a specific ehcache configuration for cache named [br.com.dxt.cache.PessoaReadWrite]; using defaults.
2014-04-25 19:16:32 WARN  org.hibernate.cache.ehcache.AbstractEhcacheRegionFactory     - HHH020003: Could not find a specific ehcache configuration for cache named [br.com.dxt.cache.PessoaReadOnly]; using defaults.
2014-04-25 19:16:32 WARN  org.hibernate.cache.ehcache.internal.strategy.EhcacheAccessStrategyFactoryImpl     - HHH020007: read-only cache configured for mutable entity [br.com.dxt.cache.PessoaReadOnly]
2014-04-25 19:16:33 WARN  org.hibernate.cache.ehcache.AbstractEhcacheRegionFactory     - HHH020003: Could not find a specific ehcache configuration for cache named [br.com.dxt.cache.PessoaNRW]; using defaults.
2014-04-25 19:16:36 ERROR org.hibernate.tool.hbm2ddl.SchemaExport     - HHH000389: Unsuccessful: alter table Cliente drop constraint fk_cliente_pessoafisica
2014-04-25 19:16:36 ERROR org.hibernate.tool.hbm2ddl.SchemaExport     - user lacks privilege or object not found: PUBLIC.CLIENTE
2014-04-25 19:16:36 ERROR org.hibernate.tool.hbm2ddl.SchemaExport     - HHH000389: Unsuccessful: alter table Funcionario drop constraint fk_funcionario_pessoafisica
2014-04-25 19:16:36 ERROR org.hibernate.tool.hbm2ddl.SchemaExport     - user lacks privilege or object not found: PUBLIC.FUNCIONARIO
2014-04-25 19:16:36 ERROR org.hibernate.tool.hbm2ddl.SchemaExport     - HHH000389: Unsuccessful: alter table Investimento drop constraint FK_o0nv6laqaeahhhau2lvghb5gp
2014-04-25 19:16:36 ERROR org.hibernate.tool.hbm2ddl.SchemaExport     - user lacks privilege or object not found: PUBLIC.INVESTIMENTO
2014-04-25 19:16:36 ERROR org.hibernate.tool.hbm2ddl.SchemaExport     - HHH000389: Unsuccessful: alter table Pessoa drop constraint FK_m65vr4d948jlm5rkv3ilptomy
2014-04-25 19:16:36 ERROR org.hibernate.tool.hbm2ddl.SchemaExport     - user lacks privilege or object not found: PUBLIC.PESSOA
2014-04-25 19:16:36 ERROR org.hibernate.tool.hbm2ddl.SchemaExport     - HHH000389: Unsuccessful: alter table Pessoa drop constraint fk_pessoa_endereco
2014-04-25 19:16:36 ERROR org.hibernate.tool.hbm2ddl.SchemaExport     - user lacks privilege or object not found: PUBLIC.PESSOA
2014-04-25 19:16:36 ERROR org.hibernate.tool.hbm2ddl.SchemaExport     - HHH000389: Unsuccessful: alter table PessoaFisica drop constraint fk_pessoafisica_pessoa
2014-04-25 19:16:36 ERROR org.hibernate.tool.hbm2ddl.SchemaExport     - user lacks privilege or object not found: PUBLIC.PESSOAFISICA
2014-04-25 19:16:36 ERROR org.hibernate.tool.hbm2ddl.SchemaExport     - HHH000389: Unsuccessful: alter table PessoaJuridica drop constraint fk_pessoajuridica_pessoa
2014-04-25 19:16:36 ERROR org.hibernate.tool.hbm2ddl.SchemaExport     - user lacks privilege or object not found: PUBLIC.PESSOAJURIDICA
2014-04-25 19:16:36 ERROR org.hibernate.tool.hbm2ddl.SchemaExport     - HHH000389: Unsuccessful: alter table Pessoa_PacoteServicos drop constraint FK_qxbpclvlac35vhrx4ymkfocjd
2014-04-25 19:16:36 ERROR org.hibernate.tool.hbm2ddl.SchemaExport     - user lacks privilege or object not found: PUBLIC.PESSOA_PACOTESERVICOS
2014-04-25 19:16:36 ERROR org.hibernate.tool.hbm2ddl.SchemaExport     - HHH000389: Unsuccessful: alter table Pessoa_PacoteServicos drop constraint FK_k2632nv8fupk8hglq7ryrexoa
2014-04-25 19:16:36 ERROR org.hibernate.tool.hbm2ddl.SchemaExport     - user lacks privilege or object not found: PUBLIC.PESSOA_PACOTESERVICOS
2014-04-25 19:16:36 ERROR org.hibernate.tool.hbm2ddl.SchemaExport     - HHH000389: Unsuccessful: alter table Telefone drop constraint fk_pessoa_telefone
2014-04-25 19:16:36 ERROR org.hibernate.tool.hbm2ddl.SchemaExport     - user lacks privilege or object not found: PUBLIC.TELEFONE
2014-04-25 19:17:14 WARN  org.hibernate.engine.jdbc.internal.JdbcCoordinatorImpl     - HHH000386: ResultSet had no statement associated with it, but was not yet registered
2014-04-25 19:30:12 WARN  net.sf.ehcache.config.ConfigurationFactory     - No configuration found. Configuring ehcache from ehcache-failsafe.xml  found in the classpath: jar:file:/home/java02/Documentos/DaniCebin/aulas-java/lib/ehcache-core-2.4.3.jar!/ehcache-failsafe.xml
2014-04-25 19:30:13 WARN  org.hibernate.cache.ehcache.AbstractEhcacheRegionFactory     - HHH020003: Could not find a specific ehcache configuration for cache named [br.com.dxt.cache.PessoaReadWrite]; using defaults.
2014-04-25 19:30:13 WARN  org.hibernate.cache.ehcache.AbstractEhcacheRegionFactory     - HHH020003: Could not find a specific ehcache configuration for cache named [br.com.dxt.cache.PessoaReadOnly]; using defaults.
2014-04-25 19:30:13 WARN  org.hibernate.cache.ehcache.internal.strategy.EhcacheAccessStrategyFactoryImpl     - HHH020007: read-only cache configured for mutable entity [br.com.dxt.cache.PessoaReadOnly]
2014-04-25 19:30:13 WARN  org.hibernate.cache.ehcache.AbstractEhcacheRegionFactory     - HHH020003: Could not find a specific ehcache configuration for cache named [br.com.dxt.cache.PessoaNRW]; using defaults.
2014-04-25 19:30:13 ERROR org.hibernate.tool.hbm2ddl.SchemaExport     - HHH000389: Unsuccessful: alter table Cliente drop constraint fk_cliente_pessoafisica
2014-04-25 19:30:13 ERROR org.hibernate.tool.hbm2ddl.SchemaExport     - user lacks privilege or object not found: PUBLIC.CLIENTE
2014-04-25 19:30:13 ERROR org.hibernate.tool.hbm2ddl.SchemaExport     - HHH000389: Unsuccessful: alter table Funcionario drop constraint fk_funcionario_pessoafisica
2014-04-25 19:30:13 ERROR org.hibernate.tool.hbm2ddl.SchemaExport     - user lacks privilege or object not found: PUBLIC.FUNCIONARIO
2014-04-25 19:30:13 ERROR org.hibernate.tool.hbm2ddl.SchemaExport     - HHH000389: Unsuccessful: alter table Investimento drop constraint FK_o0nv6laqaeahhhau2lvghb5gp
2014-04-25 19:30:13 ERROR org.hibernate.tool.hbm2ddl.SchemaExport     - user lacks privilege or object not found: PUBLIC.INVESTIMENTO
2014-04-25 19:30:13 ERROR org.hibernate.tool.hbm2ddl.SchemaExport     - HHH000389: Unsuccessful: alter table Pessoa drop constraint FK_m65vr4d948jlm5rkv3ilptomy
2014-04-25 19:30:13 ERROR org.hibernate.tool.hbm2ddl.SchemaExport     - user lacks privilege or object not found: PUBLIC.PESSOA
2014-04-25 19:30:13 ERROR org.hibernate.tool.hbm2ddl.SchemaExport     - HHH000389: Unsuccessful: alter table Pessoa drop constraint fk_pessoa_endereco
2014-04-25 19:30:13 ERROR org.hibernate.tool.hbm2ddl.SchemaExport     - user lacks privilege or object not found: PUBLIC.PESSOA
2014-04-25 19:30:13 ERROR org.hibernate.tool.hbm2ddl.SchemaExport     - HHH000389: Unsuccessful: alter table PessoaFisica drop constraint fk_pessoafisica_pessoa
2014-04-25 19:30:13 ERROR org.hibernate.tool.hbm2ddl.SchemaExport     - user lacks privilege or object not found: PUBLIC.PESSOAFISICA
2014-04-25 19:30:13 ERROR org.hibernate.tool.hbm2ddl.SchemaExport     - HHH000389: Unsuccessful: alter table PessoaJuridica drop constraint fk_pessoajuridica_pessoa
2014-04-25 19:30:13 ERROR org.hibernate.tool.hbm2ddl.SchemaExport     - user lacks privilege or object not found: PUBLIC.PESSOAJURIDICA
2014-04-25 19:30:13 ERROR org.hibernate.tool.hbm2ddl.SchemaExport     - HHH000389: Unsuccessful: alter table Pessoa_PacoteServicos drop constraint FK_qxbpclvlac35vhrx4ymkfocjd
2014-04-25 19:30:13 ERROR org.hibernate.tool.hbm2ddl.SchemaExport     - user lacks privilege or object not found: PUBLIC.PESSOA_PACOTESERVICOS
2014-04-25 19:30:13 ERROR org.hibernate.tool.hbm2ddl.SchemaExport     - HHH000389: Unsuccessful: alter table Pessoa_PacoteServicos drop constraint FK_k2632nv8fupk8hglq7ryrexoa
2014-04-25 19:30:13 ERROR org.hibernate.tool.hbm2ddl.SchemaExport     - user lacks privilege or object not found: PUBLIC.PESSOA_PACOTESERVICOS
2014-04-25 19:30:13 ERROR org.hibernate.tool.hbm2ddl.SchemaExport     - HHH000389: Unsuccessful: alter table Telefone drop constraint fk_pessoa_telefone
2014-04-25 19:30:13 ERROR org.hibernate.tool.hbm2ddl.SchemaExport     - user lacks privilege or object not found: PUBLIC.TELEFONE
2014-04-25 19:30:13 WARN  org.hibernate.engine.jdbc.internal.JdbcCoordinatorImpl     - HHH000386: ResultSet had no statement associated with it, but was not yet registered
2014-04-25 21:44:29 WARN  net.sf.ehcache.config.ConfigurationFactory     - No configuration found. Configuring ehcache from ehcache-failsafe.xml  found in the classpath: jar:file:/home/java02/Documentos/DaniCebin/aulas-java/lib/ehcache-core-2.4.3.jar!/ehcache-failsafe.xml
2014-04-25 21:44:29 WARN  org.hibernate.cache.ehcache.AbstractEhcacheRegionFactory     - HHH020003: Could not find a specific ehcache configuration for cache named [br.com.dxt.cache.PessoaReadWrite]; using defaults.
2014-04-25 21:44:29 WARN  org.hibernate.cache.ehcache.AbstractEhcacheRegionFactory     - HHH020003: Could not find a specific ehcache configuration for cache named [br.com.dxt.cache.PessoaReadOnly]; using defaults.
2014-04-25 21:44:29 WARN  org.hibernate.cache.ehcache.internal.strategy.EhcacheAccessStrategyFactoryImpl     - HHH020007: read-only cache configured for mutable entity [br.com.dxt.cache.PessoaReadOnly]
2014-04-25 21:44:29 WARN  org.hibernate.cache.ehcache.AbstractEhcacheRegionFactory     - HHH020003: Could not find a specific ehcache configuration for cache named [br.com.dxt.cache.PessoaNRW]; using defaults.
2014-04-25 21:44:29 ERROR org.hibernate.tool.hbm2ddl.SchemaExport     - HHH000389: Unsuccessful: alter table Cliente drop constraint fk_cliente_pessoafisica
2014-04-25 21:44:29 ERROR org.hibernate.tool.hbm2ddl.SchemaExport     - user lacks privilege or object not found: PUBLIC.CLIENTE
2014-04-25 21:44:29 ERROR org.hibernate.tool.hbm2ddl.SchemaExport     - HHH000389: Unsuccessful: alter table Funcionario drop constraint fk_funcionario_pessoafisica
2014-04-25 21:44:29 ERROR org.hibernate.tool.hbm2ddl.SchemaExport     - user lacks privilege or object not found: PUBLIC.FUNCIONARIO
2014-04-25 21:44:29 ERROR org.hibernate.tool.hbm2ddl.SchemaExport     - HHH000389: Unsuccessful: alter table Investimento drop constraint FK_o0nv6laqaeahhhau2lvghb5gp
2014-04-25 21:44:29 ERROR org.hibernate.tool.hbm2ddl.SchemaExport     - user lacks privilege or object not found: PUBLIC.INVESTIMENTO
2014-04-25 21:44:29 ERROR org.hibernate.tool.hbm2ddl.SchemaExport     - HHH000389: Unsuccessful: alter table Pessoa drop constraint FK_m65vr4d948jlm5rkv3ilptomy
2014-04-25 21:44:29 ERROR org.hibernate.tool.hbm2ddl.SchemaExport     - user lacks privilege or object not found: PUBLIC.PESSOA
2014-04-25 21:44:29 ERROR org.hibernate.tool.hbm2ddl.SchemaExport     - HHH000389: Unsuccessful: alter table Pessoa drop constraint fk_pessoa_endereco
2014-04-25 21:44:29 ERROR org.hibernate.tool.hbm2ddl.SchemaExport     - user lacks privilege or object not found: PUBLIC.PESSOA
2014-04-25 21:44:29 ERROR org.hibernate.tool.hbm2ddl.SchemaExport     - HHH000389: Unsuccessful: alter table PessoaFisica drop constraint fk_pessoafisica_pessoa
2014-04-25 21:44:29 ERROR org.hibernate.tool.hbm2ddl.SchemaExport     - user lacks privilege or object not found: PUBLIC.PESSOAFISICA
2014-04-25 21:44:29 ERROR org.hibernate.tool.hbm2ddl.SchemaExport     - HHH000389: Unsuccessful: alter table PessoaJuridica drop constraint fk_pessoajuridica_pessoa
2014-04-25 21:44:29 ERROR org.hibernate.tool.hbm2ddl.SchemaExport     - user lacks privilege or object not found: PUBLIC.PESSOAJURIDICA
2014-04-25 21:44:29 ERROR org.hibernate.tool.hbm2ddl.SchemaExport     - HHH000389: Unsuccessful: alter table Pessoa_PacoteServicos drop constraint FK_qxbpclvlac35vhrx4ymkfocjd
2014-04-25 21:44:29 ERROR org.hibernate.tool.hbm2ddl.SchemaExport     - user lacks privilege or object not found: PUBLIC.PESSOA_PACOTESERVICOS
2014-04-25 21:44:29 ERROR org.hibernate.tool.hbm2ddl.SchemaExport     - HHH000389: Unsuccessful: alter table Pessoa_PacoteServicos drop constraint FK_k2632nv8fupk8hglq7ryrexoa
2014-04-25 21:44:29 ERROR org.hibernate.tool.hbm2ddl.SchemaExport     - user lacks privilege or object not found: PUBLIC.PESSOA_PACOTESERVICOS
2014-04-25 21:44:29 ERROR org.hibernate.tool.hbm2ddl.SchemaExport     - HHH000389: Unsuccessful: alter table Telefone drop constraint fk_pessoa_telefone
2014-04-25 21:44:29 ERROR org.hibernate.tool.hbm2ddl.SchemaExport     - user lacks privilege or object not found: PUBLIC.TELEFONE
2014-04-25 21:44:30 WARN  org.hibernate.engine.jdbc.internal.JdbcCoordinatorImpl     - HHH000386: ResultSet had no statement associated with it, but was not yet registered
2014-04-25 21:46:27 WARN  net.sf.ehcache.config.ConfigurationFactory     - No configuration found. Configuring ehcache from ehcache-failsafe.xml  found in the classpath: jar:file:/home/java02/Documentos/DaniCebin/aulas-java/lib/ehcache-core-2.4.3.jar!/ehcache-failsafe.xml
2014-04-25 21:46:27 WARN  org.hibernate.cache.ehcache.AbstractEhcacheRegionFactory     - HHH020003: Could not find a specific ehcache configuration for cache named [br.com.dxt.cache.PessoaReadWrite]; using defaults.
2014-04-25 21:46:27 WARN  org.hibernate.cache.ehcache.AbstractEhcacheRegionFactory     - HHH020003: Could not find a specific ehcache configuration for cache named [br.com.dxt.cache.PessoaReadOnly]; using defaults.
2014-04-25 21:46:27 WARN  org.hibernate.cache.ehcache.internal.strategy.EhcacheAccessStrategyFactoryImpl     - HHH020007: read-only cache configured for mutable entity [br.com.dxt.cache.PessoaReadOnly]
2014-04-25 21:46:27 WARN  org.hibernate.cache.ehcache.AbstractEhcacheRegionFactory     - HHH020003: Could not find a specific ehcache configuration for cache named [br.com.dxt.cache.PessoaNRW]; using defaults.
2014-04-25 21:46:27 ERROR org.hibernate.tool.hbm2ddl.SchemaExport     - HHH000389: Unsuccessful: alter table Cliente drop constraint fk_cliente_pessoafisica
2014-04-25 21:46:27 ERROR org.hibernate.tool.hbm2ddl.SchemaExport     - user lacks privilege or object not found: PUBLIC.CLIENTE
2014-04-25 21:46:27 ERROR org.hibernate.tool.hbm2ddl.SchemaExport     - HHH000389: Unsuccessful: alter table Funcionario drop constraint fk_funcionario_pessoafisica
2014-04-25 21:46:27 ERROR org.hibernate.tool.hbm2ddl.SchemaExport     - user lacks privilege or object not found: PUBLIC.FUNCIONARIO
2014-04-25 21:46:27 ERROR org.hibernate.tool.hbm2ddl.SchemaExport     - HHH000389: Unsuccessful: alter table Investimento drop constraint FK_o0nv6laqaeahhhau2lvghb5gp
2014-04-25 21:46:27 ERROR org.hibernate.tool.hbm2ddl.SchemaExport     - user lacks privilege or object not found: PUBLIC.INVESTIMENTO
2014-04-25 21:46:27 ERROR org.hibernate.tool.hbm2ddl.SchemaExport     - HHH000389: Unsuccessful: alter table Pessoa drop constraint FK_m65vr4d948jlm5rkv3ilptomy
2014-04-25 21:46:27 ERROR org.hibernate.tool.hbm2ddl.SchemaExport     - user lacks privilege or object not found: PUBLIC.PESSOA
2014-04-25 21:46:27 ERROR org.hibernate.tool.hbm2ddl.SchemaExport     - HHH000389: Unsuccessful: alter table Pessoa drop constraint fk_pessoa_endereco
2014-04-25 21:46:27 ERROR org.hibernate.tool.hbm2ddl.SchemaExport     - user lacks privilege or object not found: PUBLIC.PESSOA
2014-04-25 21:46:27 ERROR org.hibernate.tool.hbm2ddl.SchemaExport     - HHH000389: Unsuccessful: alter table PessoaFisica drop constraint fk_pessoafisica_pessoa
2014-04-25 21:46:27 ERROR org.hibernate.tool.hbm2ddl.SchemaExport     - user lacks privilege or object not found: PUBLIC.PESSOAFISICA
2014-04-25 21:46:27 ERROR org.hibernate.tool.hbm2ddl.SchemaExport     - HHH000389: Unsuccessful: alter table PessoaJuridica drop constraint fk_pessoajuridica_pessoa
2014-04-25 21:46:27 ERROR org.hibernate.tool.hbm2ddl.SchemaExport     - user lacks privilege or object not found: PUBLIC.PESSOAJURIDICA
2014-04-25 21:46:27 ERROR org.hibernate.tool.hbm2ddl.SchemaExport     - HHH000389: Unsuccessful: alter table Pessoa_PacoteServicos drop constraint FK_qxbpclvlac35vhrx4ymkfocjd
2014-04-25 21:46:27 ERROR org.hibernate.tool.hbm2ddl.SchemaExport     - user lacks privilege or object not found: PUBLIC.PESSOA_PACOTESERVICOS
2014-04-25 21:46:27 ERROR org.hibernate.tool.hbm2ddl.SchemaExport     - HHH000389: Unsuccessful: alter table Pessoa_PacoteServicos drop constraint FK_k2632nv8fupk8hglq7ryrexoa
2014-04-25 21:46:27 ERROR org.hibernate.tool.hbm2ddl.SchemaExport     - user lacks privilege or object not found: PUBLIC.PESSOA_PACOTESERVICOS
2014-04-25 21:46:27 ERROR org.hibernate.tool.hbm2ddl.SchemaExport     - HHH000389: Unsuccessful: alter table Telefone drop constraint fk_pessoa_telefone
2014-04-25 21:46:27 ERROR org.hibernate.tool.hbm2ddl.SchemaExport     - user lacks privilege or object not found: PUBLIC.TELEFONE
2014-04-25 21:46:27 WARN  org.hibernate.engine.jdbc.internal.JdbcCoordinatorImpl     - HHH000386: ResultSet had no statement associated with it, but was not yet registered
2014-04-25 21:47:04 WARN  net.sf.ehcache.config.ConfigurationFactory     - No configuration found. Configuring ehcache from ehcache-failsafe.xml  found in the classpath: jar:file:/home/java02/Documentos/DaniCebin/aulas-java/lib/ehcache-core-2.4.3.jar!/ehcache-failsafe.xml
2014-04-25 21:47:05 WARN  org.hibernate.cache.ehcache.AbstractEhcacheRegionFactory     - HHH020003: Could not find a specific ehcache configuration for cache named [br.com.dxt.cache.PessoaReadWrite]; using defaults.
2014-04-25 21:47:05 WARN  org.hibernate.cache.ehcache.AbstractEhcacheRegionFactory     - HHH020003: Could not find a specific ehcache configuration for cache named [br.com.dxt.cache.PessoaReadOnly]; using defaults.
2014-04-25 21:47:05 WARN  org.hibernate.cache.ehcache.internal.strategy.EhcacheAccessStrategyFactoryImpl     - HHH020007: read-only cache configured for mutable entity [br.com.dxt.cache.PessoaReadOnly]
2014-04-25 21:47:05 WARN  org.hibernate.cache.ehcache.AbstractEhcacheRegionFactory     - HHH020003: Could not find a specific ehcache configuration for cache named [br.com.dxt.cache.PessoaNRW]; using defaults.
2014-04-25 21:47:05 ERROR org.hibernate.tool.hbm2ddl.SchemaExport     - HHH000389: Unsuccessful: alter table Cliente drop constraint fk_cliente_pessoafisica
2014-04-25 21:47:05 ERROR org.hibernate.tool.hbm2ddl.SchemaExport     - user lacks privilege or object not found: PUBLIC.CLIENTE
2014-04-25 21:47:05 ERROR org.hibernate.tool.hbm2ddl.SchemaExport     - HHH000389: Unsuccessful: alter table Funcionario drop constraint fk_funcionario_pessoafisica
2014-04-25 21:47:05 ERROR org.hibernate.tool.hbm2ddl.SchemaExport     - user lacks privilege or object not found: PUBLIC.FUNCIONARIO
2014-04-25 21:47:05 ERROR org.hibernate.tool.hbm2ddl.SchemaExport     - HHH000389: Unsuccessful: alter table Investimento drop constraint FK_o0nv6laqaeahhhau2lvghb5gp
2014-04-25 21:47:05 ERROR org.hibernate.tool.hbm2ddl.SchemaExport     - user lacks privilege or object not found: PUBLIC.INVESTIMENTO
2014-04-25 21:47:05 ERROR org.hibernate.tool.hbm2ddl.SchemaExport     - HHH000389: Unsuccessful: alter table Pessoa drop constraint FK_m65vr4d948jlm5rkv3ilptomy
2014-04-25 21:47:05 ERROR org.hibernate.tool.hbm2ddl.SchemaExport     - user lacks privilege or object not found: PUBLIC.PESSOA
2014-04-25 21:47:05 ERROR org.hibernate.tool.hbm2ddl.SchemaExport     - HHH000389: Unsuccessful: alter table Pessoa drop constraint fk_pessoa_endereco
2014-04-25 21:47:05 ERROR org.hibernate.tool.hbm2ddl.SchemaExport     - user lacks privilege or object not found: PUBLIC.PESSOA
2014-04-25 21:47:05 ERROR org.hibernate.tool.hbm2ddl.SchemaExport     - HHH000389: Unsuccessful: alter table PessoaFisica drop constraint fk_pessoafisica_pessoa
2014-04-25 21:47:05 ERROR org.hibernate.tool.hbm2ddl.SchemaExport     - user lacks privilege or object not found: PUBLIC.PESSOAFISICA
2014-04-25 21:47:05 ERROR org.hibernate.tool.hbm2ddl.SchemaExport     - HHH000389: Unsuccessful: alter table PessoaJuridica drop constraint fk_pessoajuridica_pessoa
2014-04-25 21:47:05 ERROR org.hibernate.tool.hbm2ddl.SchemaExport     - user lacks privilege or object not found: PUBLIC.PESSOAJURIDICA
2014-04-25 21:47:05 ERROR org.hibernate.tool.hbm2ddl.SchemaExport     - HHH000389: Unsuccessful: alter table Pessoa_PacoteServicos drop constraint FK_qxbpclvlac35vhrx4ymkfocjd
2014-04-25 21:47:05 ERROR org.hibernate.tool.hbm2ddl.SchemaExport     - user lacks privilege or object not found: PUBLIC.PESSOA_PACOTESERVICOS
2014-04-25 21:47:05 ERROR org.hibernate.tool.hbm2ddl.SchemaExport     - HHH000389: Unsuccessful: alter table Pessoa_PacoteServicos drop constraint FK_k2632nv8fupk8hglq7ryrexoa
2014-04-25 21:47:05 ERROR org.hibernate.tool.hbm2ddl.SchemaExport     - user lacks privilege or object not found: PUBLIC.PESSOA_PACOTESERVICOS
2014-04-25 21:47:05 ERROR org.hibernate.tool.hbm2ddl.SchemaExport     - HHH000389: Unsuccessful: alter table Telefone drop constraint fk_pessoa_telefone
2014-04-25 21:47:05 ERROR org.hibernate.tool.hbm2ddl.SchemaExport     - user lacks privilege or object not found: PUBLIC.TELEFONE
2014-04-25 21:47:05 WARN  org.hibernate.engine.jdbc.internal.JdbcCoordinatorImpl     - HHH000386: ResultSet had no statement associated with it, but was not yet registered
2014-04-25 21:47:05 WARN  org.hibernate.engine.jdbc.internal.JdbcCoordinatorImpl     - HHH000386: ResultSet had no statement associated with it, but was not yet registered
2014-04-25 21:48:02 WARN  net.sf.ehcache.config.ConfigurationFactory     - No configuration found. Configuring ehcache from ehcache-failsafe.xml  found in the classpath: jar:file:/home/java02/Documentos/DaniCebin/aulas-java/lib/ehcache-core-2.4.3.jar!/ehcache-failsafe.xml
2014-04-25 21:48:02 WARN  org.hibernate.cache.ehcache.AbstractEhcacheRegionFactory     - HHH020003: Could not find a specific ehcache configuration for cache named [br.com.dxt.cache.PessoaReadWrite]; using defaults.
2014-04-25 21:48:02 WARN  org.hibernate.cache.ehcache.AbstractEhcacheRegionFactory     - HHH020003: Could not find a specific ehcache configuration for cache named [br.com.dxt.cache.PessoaReadOnly]; using defaults.
2014-04-25 21:48:02 WARN  org.hibernate.cache.ehcache.internal.strategy.EhcacheAccessStrategyFactoryImpl     - HHH020007: read-only cache configured for mutable entity [br.com.dxt.cache.PessoaReadOnly]
2014-04-25 21:48:02 WARN  org.hibernate.cache.ehcache.AbstractEhcacheRegionFactory     - HHH020003: Could not find a specific ehcache configuration for cache named [br.com.dxt.cache.PessoaNRW]; using defaults.
2014-04-25 21:48:02 ERROR org.hibernate.tool.hbm2ddl.SchemaExport     - HHH000389: Unsuccessful: alter table Cliente drop constraint fk_cliente_pessoafisica
2014-04-25 21:48:02 ERROR org.hibernate.tool.hbm2ddl.SchemaExport     - user lacks privilege or object not found: PUBLIC.CLIENTE
2014-04-25 21:48:02 ERROR org.hibernate.tool.hbm2ddl.SchemaExport     - HHH000389: Unsuccessful: alter table Funcionario drop constraint fk_funcionario_pessoafisica
2014-04-25 21:48:02 ERROR org.hibernate.tool.hbm2ddl.SchemaExport     - user lacks privilege or object not found: PUBLIC.FUNCIONARIO
2014-04-25 21:48:02 ERROR org.hibernate.tool.hbm2ddl.SchemaExport     - HHH000389: Unsuccessful: alter table Investimento drop constraint FK_o0nv6laqaeahhhau2lvghb5gp
2014-04-25 21:48:02 ERROR org.hibernate.tool.hbm2ddl.SchemaExport     - user lacks privilege or object not found: PUBLIC.INVESTIMENTO
2014-04-25 21:48:02 ERROR org.hibernate.tool.hbm2ddl.SchemaExport     - HHH000389: Unsuccessful: alter table Pessoa drop constraint FK_m65vr4d948jlm5rkv3ilptomy
2014-04-25 21:48:02 ERROR org.hibernate.tool.hbm2ddl.SchemaExport     - user lacks privilege or object not found: PUBLIC.PESSOA
2014-04-25 21:48:02 ERROR org.hibernate.tool.hbm2ddl.SchemaExport     - HHH000389: Unsuccessful: alter table Pessoa drop constraint fk_pessoa_endereco
2014-04-25 21:48:02 ERROR org.hibernate.tool.hbm2ddl.SchemaExport     - user lacks privilege or object not found: PUBLIC.PESSOA
2014-04-25 21:48:02 ERROR org.hibernate.tool.hbm2ddl.SchemaExport     - HHH000389: Unsuccessful: alter table PessoaFisica drop constraint fk_pessoafisica_pessoa
2014-04-25 21:48:02 ERROR org.hibernate.tool.hbm2ddl.SchemaExport     - user lacks privilege or object not found: PUBLIC.PESSOAFISICA
2014-04-25 21:48:02 ERROR org.hibernate.tool.hbm2ddl.SchemaExport     - HHH000389: Unsuccessful: alter table PessoaJuridica drop constraint fk_pessoajuridica_pessoa
2014-04-25 21:48:02 ERROR org.hibernate.tool.hbm2ddl.SchemaExport     - user lacks privilege or object not found: PUBLIC.PESSOAJURIDICA
2014-04-25 21:48:02 ERROR org.hibernate.tool.hbm2ddl.SchemaExport     - HHH000389: Unsuccessful: alter table Pessoa_PacoteServicos drop constraint FK_qxbpclvlac35vhrx4ymkfocjd
2014-04-25 21:48:02 ERROR org.hibernate.tool.hbm2ddl.SchemaExport     - user lacks privilege or object not found: PUBLIC.PESSOA_PACOTESERVICOS
2014-04-25 21:48:02 ERROR org.hibernate.tool.hbm2ddl.SchemaExport     - HHH000389: Unsuccessful: alter table Pessoa_PacoteServicos drop constraint FK_k2632nv8fupk8hglq7ryrexoa
2014-04-25 21:48:02 ERROR org.hibernate.tool.hbm2ddl.SchemaExport     - user lacks privilege or object not found: PUBLIC.PESSOA_PACOTESERVICOS
2014-04-25 21:48:02 ERROR org.hibernate.tool.hbm2ddl.SchemaExport     - HHH000389: Unsuccessful: alter table Telefone drop constraint fk_pessoa_telefone
2014-04-25 21:48:02 ERROR org.hibernate.tool.hbm2ddl.SchemaExport     - user lacks privilege or object not found: PUBLIC.TELEFONE
2014-04-25 21:48:03 WARN  org.hibernate.engine.jdbc.internal.JdbcCoordinatorImpl     - HHH000386: ResultSet had no statement associated with it, but was not yet registered
2014-04-25 21:48:03 WARN  org.hibernate.engine.jdbc.internal.JdbcCoordinatorImpl     - HHH000386: ResultSet had no statement associated with it, but was not yet registered
2014-04-25 21:54:18 WARN  net.sf.ehcache.config.ConfigurationFactory     - No configuration found. Configuring ehcache from ehcache-failsafe.xml  found in the classpath: jar:file:/home/java02/Documentos/DaniCebin/aulas-java/lib/ehcache-core-2.4.3.jar!/ehcache-failsafe.xml
2014-04-25 21:54:18 WARN  org.hibernate.cache.ehcache.AbstractEhcacheRegionFactory     - HHH020003: Could not find a specific ehcache configuration for cache named [br.com.dxt.cache.PessoaReadWrite]; using defaults.
2014-04-25 21:54:18 WARN  org.hibernate.cache.ehcache.AbstractEhcacheRegionFactory     - HHH020003: Could not find a specific ehcache configuration for cache named [br.com.dxt.cache.PessoaReadOnly]; using defaults.
2014-04-25 21:54:18 WARN  org.hibernate.cache.ehcache.internal.strategy.EhcacheAccessStrategyFactoryImpl     - HHH020007: read-only cache configured for mutable entity [br.com.dxt.cache.PessoaReadOnly]
2014-04-25 21:54:18 WARN  org.hibernate.cache.ehcache.AbstractEhcacheRegionFactory     - HHH020003: Could not find a specific ehcache configuration for cache named [br.com.dxt.cache.PessoaNRW]; using defaults.
2014-04-25 21:54:18 ERROR org.hibernate.tool.hbm2ddl.SchemaExport     - HHH000389: Unsuccessful: alter table Cliente drop constraint fk_cliente_pessoafisica
2014-04-25 21:54:18 ERROR org.hibernate.tool.hbm2ddl.SchemaExport     - user lacks privilege or object not found: PUBLIC.CLIENTE
2014-04-25 21:54:18 ERROR org.hibernate.tool.hbm2ddl.SchemaExport     - HHH000389: Unsuccessful: alter table Funcionario drop constraint fk_funcionario_pessoafisica
2014-04-25 21:54:18 ERROR org.hibernate.tool.hbm2ddl.SchemaExport     - user lacks privilege or object not found: PUBLIC.FUNCIONARIO
2014-04-25 21:54:18 ERROR org.hibernate.tool.hbm2ddl.SchemaExport     - HHH000389: Unsuccessful: alter table Investimento drop constraint FK_o0nv6laqaeahhhau2lvghb5gp
2014-04-25 21:54:18 ERROR org.hibernate.tool.hbm2ddl.SchemaExport     - user lacks privilege or object not found: PUBLIC.INVESTIMENTO
2014-04-25 21:54:18 ERROR org.hibernate.tool.hbm2ddl.SchemaExport     - HHH000389: Unsuccessful: alter table Pessoa drop constraint FK_m65vr4d948jlm5rkv3ilptomy
2014-04-25 21:54:18 ERROR org.hibernate.tool.hbm2ddl.SchemaExport     - user lacks privilege or object not found: PUBLIC.PESSOA
2014-04-25 21:54:18 ERROR org.hibernate.tool.hbm2ddl.SchemaExport     - HHH000389: Unsuccessful: alter table Pessoa drop constraint fk_pessoa_endereco
2014-04-25 21:54:18 ERROR org.hibernate.tool.hbm2ddl.SchemaExport     - user lacks privilege or object not found: PUBLIC.PESSOA
2014-04-25 21:54:18 ERROR org.hibernate.tool.hbm2ddl.SchemaExport     - HHH000389: Unsuccessful: alter table PessoaFisica drop constraint fk_pessoafisica_pessoa
2014-04-25 21:54:18 ERROR org.hibernate.tool.hbm2ddl.SchemaExport     - user lacks privilege or object not found: PUBLIC.PESSOAFISICA
2014-04-25 21:54:18 ERROR org.hibernate.tool.hbm2ddl.SchemaExport     - HHH000389: Unsuccessful: alter table PessoaJuridica drop constraint fk_pessoajuridica_pessoa
2014-04-25 21:54:18 ERROR org.hibernate.tool.hbm2ddl.SchemaExport     - user lacks privilege or object not found: PUBLIC.PESSOAJURIDICA
2014-04-25 21:54:18 ERROR org.hibernate.tool.hbm2ddl.SchemaExport     - HHH000389: Unsuccessful: alter table Pessoa_PacoteServicos drop constraint FK_qxbpclvlac35vhrx4ymkfocjd
2014-04-25 21:54:18 ERROR org.hibernate.tool.hbm2ddl.SchemaExport     - user lacks privilege or object not found: PUBLIC.PESSOA_PACOTESERVICOS
2014-04-25 21:54:18 ERROR org.hibernate.tool.hbm2ddl.SchemaExport     - HHH000389: Unsuccessful: alter table Pessoa_PacoteServicos drop constraint FK_k2632nv8fupk8hglq7ryrexoa
2014-04-25 21:54:18 ERROR org.hibernate.tool.hbm2ddl.SchemaExport     - user lacks privilege or object not found: PUBLIC.PESSOA_PACOTESERVICOS
2014-04-25 21:54:18 ERROR org.hibernate.tool.hbm2ddl.SchemaExport     - HHH000389: Unsuccessful: alter table Telefone drop constraint fk_pessoa_telefone
2014-04-25 21:54:18 ERROR org.hibernate.tool.hbm2ddl.SchemaExport     - user lacks privilege or object not found: PUBLIC.TELEFONE
2014-04-25 21:54:18 WARN  org.hibernate.engine.jdbc.internal.JdbcCoordinatorImpl     - HHH000386: ResultSet had no statement associated with it, but was not yet registered
2014-04-25 21:56:37 WARN  net.sf.ehcache.config.ConfigurationFactory     - No configuration found. Configuring ehcache from ehcache-failsafe.xml  found in the classpath: jar:file:/home/java02/Documentos/DaniCebin/aulas-java/lib/ehcache-core-2.4.3.jar!/ehcache-failsafe.xml
2014-04-25 21:56:38 WARN  org.hibernate.cache.ehcache.AbstractEhcacheRegionFactory     - HHH020003: Could not find a specific ehcache configuration for cache named [br.com.dxt.cache.PessoaReadWrite]; using defaults.
2014-04-25 21:56:38 WARN  org.hibernate.cache.ehcache.AbstractEhcacheRegionFactory     - HHH020003: Could not find a specific ehcache configuration for cache named [br.com.dxt.cache.PessoaReadOnly]; using defaults.
2014-04-25 21:56:38 WARN  org.hibernate.cache.ehcache.internal.strategy.EhcacheAccessStrategyFactoryImpl     - HHH020007: read-only cache configured for mutable entity [br.com.dxt.cache.PessoaReadOnly]
2014-04-25 21:56:38 WARN  org.hibernate.cache.ehcache.AbstractEhcacheRegionFactory     - HHH020003: Could not find a specific ehcache configuration for cache named [br.com.dxt.cache.PessoaNRW]; using defaults.
2014-04-25 21:56:38 ERROR org.hibernate.tool.hbm2ddl.SchemaExport     - HHH000389: Unsuccessful: alter table Cliente drop constraint fk_cliente_pessoafisica
2014-04-25 21:56:38 ERROR org.hibernate.tool.hbm2ddl.SchemaExport     - user lacks privilege or object not found: PUBLIC.CLIENTE
2014-04-25 21:56:38 ERROR org.hibernate.tool.hbm2ddl.SchemaExport     - HHH000389: Unsuccessful: alter table Funcionario drop constraint fk_funcionario_pessoafisica
2014-04-25 21:56:38 ERROR org.hibernate.tool.hbm2ddl.SchemaExport     - user lacks privilege or object not found: PUBLIC.FUNCIONARIO
2014-04-25 21:56:38 ERROR org.hibernate.tool.hbm2ddl.SchemaExport     - HHH000389: Unsuccessful: alter table Investimento drop constraint FK_o0nv6laqaeahhhau2lvghb5gp
2014-04-25 21:56:38 ERROR org.hibernate.tool.hbm2ddl.SchemaExport     - user lacks privilege or object not found: PUBLIC.INVESTIMENTO
2014-04-25 21:56:38 ERROR org.hibernate.tool.hbm2ddl.SchemaExport     - HHH000389: Unsuccessful: alter table Pessoa drop constraint FK_m65vr4d948jlm5rkv3ilptomy
2014-04-25 21:56:38 ERROR org.hibernate.tool.hbm2ddl.SchemaExport     - user lacks privilege or object not found: PUBLIC.PESSOA
2014-04-25 21:56:38 ERROR org.hibernate.tool.hbm2ddl.SchemaExport     - HHH000389: Unsuccessful: alter table Pessoa drop constraint fk_pessoa_endereco
2014-04-25 21:56:38 ERROR org.hibernate.tool.hbm2ddl.SchemaExport     - user lacks privilege or object not found: PUBLIC.PESSOA
2014-04-25 21:56:38 ERROR org.hibernate.tool.hbm2ddl.SchemaExport     - HHH000389: Unsuccessful: alter table PessoaFisica drop constraint fk_pessoafisica_pessoa
2014-04-25 21:56:38 ERROR org.hibernate.tool.hbm2ddl.SchemaExport     - user lacks privilege or object not found: PUBLIC.PESSOAFISICA
2014-04-25 21:56:38 ERROR org.hibernate.tool.hbm2ddl.SchemaExport     - HHH000389: Unsuccessful: alter table PessoaJuridica drop constraint fk_pessoajuridica_pessoa
2014-04-25 21:56:38 ERROR org.hibernate.tool.hbm2ddl.SchemaExport     - user lacks privilege or object not found: PUBLIC.PESSOAJURIDICA
2014-04-25 21:56:38 ERROR org.hibernate.tool.hbm2ddl.SchemaExport     - HHH000389: Unsuccessful: alter table Pessoa_PacoteServicos drop constraint FK_qxbpclvlac35vhrx4ymkfocjd
2014-04-25 21:56:38 ERROR org.hibernate.tool.hbm2ddl.SchemaExport     - user lacks privilege or object not found: PUBLIC.PESSOA_PACOTESERVICOS
2014-04-25 21:56:38 ERROR org.hibernate.tool.hbm2ddl.SchemaExport     - HHH000389: Unsuccessful: alter table Pessoa_PacoteServicos drop constraint FK_k2632nv8fupk8hglq7ryrexoa
2014-04-25 21:56:38 ERROR org.hibernate.tool.hbm2ddl.SchemaExport     - user lacks privilege or object not found: PUBLIC.PESSOA_PACOTESERVICOS
2014-04-25 21:56:38 ERROR org.hibernate.tool.hbm2ddl.SchemaExport     - HHH000389: Unsuccessful: alter table Telefone drop constraint fk_pessoa_telefone
2014-04-25 21:56:38 ERROR org.hibernate.tool.hbm2ddl.SchemaExport     - user lacks privilege or object not found: PUBLIC.TELEFONE
2014-04-25 21:56:38 WARN  org.hibernate.engine.jdbc.internal.JdbcCoordinatorImpl     - HHH000386: ResultSet had no statement associated with it, but was not yet registered
2014-04-25 21:58:12 WARN  net.sf.ehcache.config.ConfigurationFactory     - No configuration found. Configuring ehcache from ehcache-failsafe.xml  found in the classpath: jar:file:/home/java02/Documentos/DaniCebin/aulas-java/lib/ehcache-core-2.4.3.jar!/ehcache-failsafe.xml
2014-04-25 21:58:12 WARN  org.hibernate.cache.ehcache.AbstractEhcacheRegionFactory     - HHH020003: Could not find a specific ehcache configuration for cache named [br.com.dxt.cache.PessoaReadWrite]; using defaults.
2014-04-25 21:58:12 WARN  org.hibernate.cache.ehcache.AbstractEhcacheRegionFactory     - HHH020003: Could not find a specific ehcache configuration for cache named [br.com.dxt.cache.PessoaReadOnly]; using defaults.
2014-04-25 21:58:12 WARN  org.hibernate.cache.ehcache.internal.strategy.EhcacheAccessStrategyFactoryImpl     - HHH020007: read-only cache configured for mutable entity [br.com.dxt.cache.PessoaReadOnly]
2014-04-25 21:58:12 WARN  org.hibernate.cache.ehcache.AbstractEhcacheRegionFactory     - HHH020003: Could not find a specific ehcache configuration for cache named [br.com.dxt.cache.PessoaNRW]; using defaults.
2014-04-25 21:58:12 ERROR org.hibernate.tool.hbm2ddl.SchemaExport     - HHH000389: Unsuccessful: alter table Cliente drop constraint fk_cliente_pessoafisica
2014-04-25 21:58:12 ERROR org.hibernate.tool.hbm2ddl.SchemaExport     - user lacks privilege or object not found: PUBLIC.CLIENTE
2014-04-25 21:58:12 ERROR org.hibernate.tool.hbm2ddl.SchemaExport     - HHH000389: Unsuccessful: alter table Funcionario drop constraint fk_funcionario_pessoafisica
2014-04-25 21:58:12 ERROR org.hibernate.tool.hbm2ddl.SchemaExport     - user lacks privilege or object not found: PUBLIC.FUNCIONARIO
2014-04-25 21:58:12 ERROR org.hibernate.tool.hbm2ddl.SchemaExport     - HHH000389: Unsuccessful: alter table Investimento drop constraint FK_o0nv6laqaeahhhau2lvghb5gp
2014-04-25 21:58:12 ERROR org.hibernate.tool.hbm2ddl.SchemaExport     - user lacks privilege or object not found: PUBLIC.INVESTIMENTO
2014-04-25 21:58:12 ERROR org.hibernate.tool.hbm2ddl.SchemaExport     - HHH000389: Unsuccessful: alter table Pessoa drop constraint FK_m65vr4d948jlm5rkv3ilptomy
2014-04-25 21:58:12 ERROR org.hibernate.tool.hbm2ddl.SchemaExport     - user lacks privilege or object not found: PUBLIC.PESSOA
2014-04-25 21:58:12 ERROR org.hibernate.tool.hbm2ddl.SchemaExport     - HHH000389: Unsuccessful: alter table Pessoa drop constraint fk_pessoa_endereco
2014-04-25 21:58:12 ERROR org.hibernate.tool.hbm2ddl.SchemaExport     - user lacks privilege or object not found: PUBLIC.PESSOA
2014-04-25 21:58:12 ERROR org.hibernate.tool.hbm2ddl.SchemaExport     - HHH000389: Unsuccessful: alter table PessoaFisica drop constraint fk_pessoafisica_pessoa
2014-04-25 21:58:12 ERROR org.hibernate.tool.hbm2ddl.SchemaExport     - user lacks privilege or object not found: PUBLIC.PESSOAFISICA
2014-04-25 21:58:12 ERROR org.hibernate.tool.hbm2ddl.SchemaExport     - HHH000389: Unsuccessful: alter table PessoaJuridica drop constraint fk_pessoajuridica_pessoa
2014-04-25 21:58:12 ERROR org.hibernate.tool.hbm2ddl.SchemaExport     - user lacks privilege or object not found: PUBLIC.PESSOAJURIDICA
2014-04-25 21:58:12 ERROR org.hibernate.tool.hbm2ddl.SchemaExport     - HHH000389: Unsuccessful: alter table Pessoa_PacoteServicos drop constraint FK_qxbpclvlac35vhrx4ymkfocjd
2014-04-25 21:58:12 ERROR org.hibernate.tool.hbm2ddl.SchemaExport     - user lacks privilege or object not found: PUBLIC.PESSOA_PACOTESERVICOS
2014-04-25 21:58:12 ERROR org.hibernate.tool.hbm2ddl.SchemaExport     - HHH000389: Unsuccessful: alter table Pessoa_PacoteServicos drop constraint FK_k2632nv8fupk8hglq7ryrexoa
2014-04-25 21:58:12 ERROR org.hibernate.tool.hbm2ddl.SchemaExport     - user lacks privilege or object not found: PUBLIC.PESSOA_PACOTESERVICOS
2014-04-25 21:58:12 ERROR org.hibernate.tool.hbm2ddl.SchemaExport     - HHH000389: Unsuccessful: alter table Telefone drop constraint fk_pessoa_telefone
2014-04-25 21:58:12 ERROR org.hibernate.tool.hbm2ddl.SchemaExport     - user lacks privilege or object not found: PUBLIC.TELEFONE
2014-04-25 21:58:13 WARN  org.hibernate.engine.jdbc.internal.JdbcCoordinatorImpl     - HHH000386: ResultSet had no statement associated with it, but was not yet registered
2014-04-25 21:58:13 WARN  org.hibernate.engine.jdbc.internal.JdbcCoordinatorImpl     - HHH000386: ResultSet had no statement associated with it, but was not yet registered
